0 info it worked if it ends with ok
1 verbose cli [ 'node', '/usr/local/bin/npm', 'start', 'tsc' ]
2 info using npm@3.3.12
3 info using node@v0.12.0
4 verbose node symlink /usr/local/bin/node
5 verbose run-script [ 'prestart', 'start', 'poststart' ]
6 info lifecycle angular2@1.0.0~prestart: angular2@1.0.0
7 silly lifecycle angular2@1.0.0~prestart: no script for prestart, continuing
8 info lifecycle angular2@1.0.0~start: angular2@1.0.0
9 verbose lifecycle angular2@1.0.0~start: unsafe-perm in lifecycle true
10 verbose lifecycle angular2@1.0.0~start: PATH: /usr/local/lib/node_modules/npm/bin/node-gyp-bin:/Users/ed.conolly/Playground/angular2/node_modules/.bin:/usr/local/bin:/usr/bin:/bin:/usr/sbin:/sbin
11 verbose lifecycle angular2@1.0.0~start: CWD: /Users/ed.conolly/Playground/angular2
12 silly lifecycle angular2@1.0.0~start: Args: [ '-c', 'live-server --open=src "tsc"' ]
13 silly lifecycle angular2@1.0.0~start: Returned: code: 1  signal: null
14 info lifecycle angular2@1.0.0~start: Failed to exec start script
15 verbose stack Error: angular2@1.0.0 start: `live-server --open=src "tsc"`
15 verbose stack Exit status 1
15 verbose stack     at EventEmitter.<anonymous> (/usr/local/lib/node_modules/npm/lib/utils/lifecycle.js:232:16)
15 verbose stack     at EventEmitter.emit (events.js:110:17)
15 verbose stack     at ChildProcess.<anonymous> (/usr/local/lib/node_modules/npm/lib/utils/spawn.js:24:14)
15 verbose stack     at ChildProcess.emit (events.js:110:17)
15 verbose stack     at maybeClose (child_process.js:1008:16)
15 verbose stack     at Process.ChildProcess._handle.onexit (child_process.js:1080:5)
16 verbose pkgid angular2@1.0.0
17 verbose cwd /Users/ed.conolly/Playground/angular2
18 error Darwin 14.0.0
19 error argv "node" "/usr/local/bin/npm" "start" "tsc"
20 error node v0.12.0
21 error npm  v3.3.12
22 error code ELIFECYCLE
23 error angular2@1.0.0 start: `live-server --open=src "tsc"`
23 error Exit status 1
24 error Failed at the angular2@1.0.0 start script 'live-server --open=src "tsc"'.
24 error Make sure you have the latest version of node.js and npm installed.
24 error If you do, this is most likely a problem with the angular2 package,
24 error not with npm itself.
24 error Tell the author that this fails on your system:
24 error     live-server --open=src "tsc"
24 error You can get their info via:
24 error     npm owner ls angular2
24 error There is likely additional logging output above.
25 verbose exit [ 1, true ]
