[ERR!] cwd  : /Users/ed.conolly/Playground/angular2
[ERR!] os   : Darwin 14.0.0
[ERR!] argv : "node" "/usr/local/bin/tsd" "install" "rx" "--save"
[ERR!] node : v0.12.0
[ERR!] tsd  : 0.6.5
[ERR!] Error: getaddrinfo ENOTFOUND api.github.com
[ERR!] CODE : ENOTFOUND
[ERR!] getaddrinfo ENOTFOUND api.github.com
This is most likely not a problem with tsd itself
and is related to network connectivity.
In most cases you are behind a proxy or have bad network settings.

If you are behind a proxy, please make sure that the
'proxy' config is set properly.  See: https://github.com/DefinitelyTyped/tsd#tsdrc
[ERR!] 
Error: getaddrinfo ENOTFOUND api.github.com
    at errnoException (dns.js:44:10)
    at GetAddrInfoReqWrap.onlookup [as oncomplete] (dns.js:94:26)

[ERR!] tsd.json could not be retrieved

[ERR!] .tsdrc could not be retrieved

[ERR!] Please include the following file with any support request:
    /Users/ed.conolly/Playground/angular2/tsd-debug.log

